[debug] [2023-12-14T16:59:15.922Z] ----------------------------------------------------------------------
[debug] [2023-12-14T16:59:15.924Z] Command:       C:\Program Files\nodejs\node.exe C:\Users\siddd\AppData\Roaming\npm\node_modules\firebase-tools\lib\bin\firebase.js init
[debug] [2023-12-14T16:59:15.924Z] CLI Version:   13.0.1
[debug] [2023-12-14T16:59:15.924Z] Platform:      win32
[debug] [2023-12-14T16:59:15.924Z] Node Version:  v20.10.0
[debug] [2023-12-14T16:59:15.924Z] Time:          Thu Dec 14 2023 10:59:15 GMT-0600 (Central Standard Time)
[debug] [2023-12-14T16:59:15.924Z] ----------------------------------------------------------------------
[debug] 
[debug] [2023-12-14T16:59:15.928Z] > command requires scopes: ["email","openid","https://www.googleapis.com/auth/cloudplatformprojects.readonly","https://www.googleapis.com/auth/firebase","https://www.googleapis.com/auth/cloud-platform"]
[debug] [2023-12-14T16:59:15.929Z] > authorizing via signed-in user (sidddharthpotta@gmail.com)
[info] 
     ######## #### ########  ######## ########     ###     ######  ########
     ##        ##  ##     ## ##       ##     ##  ##   ##  ##       ##
     ######    ##  ########  ######   ########  #########  ######  ######
     ##        ##  ##    ##  ##       ##     ## ##     ##       ## ##
     ##       #### ##     ## ######## ########  ##     ##  ######  ########

You're about to initialize a Firebase project in this directory:

  C:\Users\siddd\Documents\GitHub\First_CS4_Project\Study\study

[info] 
=== Project Setup
[info] 
[info] First, let's associate this project directory with a Firebase project.
[info] You can create multiple project aliases by running firebase use --add, 
[info] but for now we'll just set up a default project.
[info] 
[debug] [2023-12-14T17:28:35.240Z] > refreshing access token with scopes: []
[debug] [2023-12-14T17:28:35.242Z] >>> [apiv2][query] POST https://www.googleapis.com/oauth2/v3/token [none]
[debug] [2023-12-14T17:28:35.243Z] >>> [apiv2][body] POST https://www.googleapis.com/oauth2/v3/token [omitted]
[debug] [2023-12-14T17:28:36.479Z] <<< [apiv2][status] POST https://www.googleapis.com/oauth2/v3/token 200
[debug] [2023-12-14T17:28:36.480Z] <<< [apiv2][body] POST https://www.googleapis.com/oauth2/v3/token [omitted]
[debug] [2023-12-14T17:28:36.495Z] >>> [apiv2][query] GET https://firebase.googleapis.com/v1beta1/projects pageSize=100
[debug] [2023-12-14T17:28:37.729Z] <<< [apiv2][status] GET https://firebase.googleapis.com/v1beta1/projects 200
[debug] [2023-12-14T17:28:37.729Z] <<< [apiv2][body] GET https://firebase.googleapis.com/v1beta1/projects [omitted]
[info] i  Using project cs4--s1 (CS4- S1) 
[info] 
=== Hosting Setup
[debug] [2023-12-14T17:28:45.686Z] >>> [apiv2][query] GET https://firebase.googleapis.com/v1beta1/projects/cs4--s1 [none]
[debug] [2023-12-14T17:28:46.108Z] <<< [apiv2][status] GET https://firebase.googleapis.com/v1beta1/projects/cs4--s1 200
[debug] [2023-12-14T17:28:46.108Z] <<< [apiv2][body] GET https://firebase.googleapis.com/v1beta1/projects/cs4--s1 {"projectId":"cs4--s1","projectNumber":"142025785856","displayName":"CS4- S1","name":"projects/cs4--s1","resources":{"hostingSite":"cs4--s1"},"state":"ACTIVE","etag":"1_7d7b3f69-747c-4dc8-b379-1594616aa06d"}
[info] 
[info] Your public directory is the folder (relative to your project directory) that
[info] will contain Hosting assets to be uploaded with firebase deploy. If you
[info] have a build process for your assets, use your build's output directory.
[info] 
[info] +  Wrote public/404.html 
[debug] [2023-12-14T17:30:12.826Z] >>> [apiv2][query] GET https://www.gstatic.com/firebasejs/releases.json [none]
[debug] [2023-12-14T17:30:12.989Z] <<< [apiv2][status] GET https://www.gstatic.com/firebasejs/releases.json 200
[debug] [2023-12-14T17:30:12.989Z] <<< [apiv2][body] GET https://www.gstatic.com/firebasejs/releases.json {"current":{"version":"10.7.1","browserURL":"https://www.gstatic.com/firebasejs/10.7.1/firebase.js","packageURL":"https://www.gstatic.com/firebasejs/10.7.1/firebase.tgz"},"live":{"version":"10.7","browserURL":"https://www.gstatic.com/firebasejs/live/10.7/firebase.js","packageURL":"https://www.gstatic.com/firebasejs/live/10.7/firebase.tgz"},"components":{"analytics":"https://www.gstatic.com/firebasejs/10.7.1/firebase-analytics.js","app":"https://www.gstatic.com/firebasejs/10.7.1/firebase-app.js","app-check":"https://www.gstatic.com/firebasejs/10.7.1/firebase-app-check.js","auth":"https://www.gstatic.com/firebasejs/10.7.1/firebase-auth.js","auth/cordova":"https://www.gstatic.com/firebasejs/10.7.1/firebase-auth/cordova.js","functions":"https://www.gstatic.com/firebasejs/10.7.1/firebase-functions.js","firestore":"https://www.gstatic.com/firebasejs/10.7.1/firebase-firestore.js","firestore/lite":"https://www.gstatic.com/firebasejs/10.7.1/firebase-firestore/lite.js","installations":"https://www.gstatic.com/firebasejs/10.7.1/firebase-installations.js","storage":"https://www.gstatic.com/firebasejs/10.7.1/firebase-storage.js","performance":"https://www.gstatic.com/firebasejs/10.7.1/firebase-performance.js","remote-config":"https://www.gstatic.com/firebasejs/10.7.1/firebase-remote-config.js","messaging":"https://www.gstatic.com/firebasejs/10.7.1/firebase-messaging.js","messaging/sw":"https://www.gstatic.com/firebasejs/10.7.1/firebase-messaging/sw.js","database":"https://www.gstatic.com/firebasejs/10.7.1/firebase-database.js","firestore.memory":"https://www.gstatic.com/firebasejs/10.7.1/firebase-firestore.memory.js"}}
[info] i  Skipping write of public/index.html 
[info] 
[info] i  Detected a .git folder at C:\Users\siddd\Documents\GitHub\First_CS4_Project\Study\study 
[info] i  Authorizing with GitHub to upload your service account to a GitHub repository's secrets store. 
[info] 
[info] Visit this URL on this device to log in:
[info] https://github.com/login/oauth/authorize?client_id=89cf50f02ac6aaed3484&state=449983806&redirect_uri=http%3A%2F%2Flocalhost%3A9005&scope=read%3Auser%20repo%20public_repo
[info] 
[info] Waiting for authentication...
[debug] [2023-12-14T17:30:18.325Z] >>> [apiv2][query] POST https://github.com/login/oauth/access_token [none]
[debug] [2023-12-14T17:30:18.325Z] >>> [apiv2][body] POST https://github.com/login/oauth/access_token [stream]
[debug] [2023-12-14T17:30:18.861Z] <<< [apiv2][status] POST https://github.com/login/oauth/access_token 200
[debug] [2023-12-14T17:30:18.861Z] <<< [apiv2][body] POST https://github.com/login/oauth/access_token {"access_token":"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","token_type":"bearer","scope":"read:user,repo"}
[debug] [2023-12-14T17:30:18.872Z] >>> [apiv2][query] GET https://api.github.com/user [none]
[debug] [2023-12-14T17:30:19.475Z] <<< [apiv2][status] GET https://api.github.com/user 200
[debug] [2023-12-14T17:30:19.476Z] <<< [apiv2][body] GET https://api.github.com/user {"login":"Sidd03192","id":135279087,"node_id":"U_kgDOCBAx7w","avatar_url":"https://avatars.githubusercontent.com/u/135279087?v=4","gravatar_id":"","url":"https://api.github.com/users/Sidd03192","html_url":"https://github.com/Sidd03192","followers_url":"https://api.github.com/users/Sidd03192/followers","following_url":"https://api.github.com/users/Sidd03192/following{/other_user}","gists_url":"https://api.github.com/users/Sidd03192/gists{/gist_id}","starred_url":"https://api.github.com/users/Sidd03192/starred{/owner}{/repo}","subscriptions_url":"https://api.github.com/users/Sidd03192/subscriptions","organizations_url":"https://api.github.com/users/Sidd03192/orgs","repos_url":"https://api.github.com/users/Sidd03192/repos","events_url":"https://api.github.com/users/Sidd03192/events{/privacy}","received_events_url":"https://api.github.com/users/Sidd03192/received_events","type":"User","site_admin":false,"name":null,"company":null,"blog":"","location":null,"email":null,"hireable":null,"bio":null,"twitter_username":null,"public_repos":8,"public_gists":0,"followers":0,"following":0,"created_at":"2023-06-01T21:44:53Z","updated_at":"2023-12-01T01:50:24Z","private_gists":0,"total_private_repos":3,"owned_private_repos":3,"disk_usage":36099,"collaborators":0,"two_factor_authentication":false,"plan":{"name":"free","space":976562499,"collaborators":0,"private_repos":10000}}
[info] 
[info] +  Success! Logged into GitHub as Sidd03192 
[info] 
